{"ts":1742808501509,"action":"PROJECT_OPENED","tags":{"PROJECT_NAME":"statscore-homework-jan-ciepiela"}}
{"ts":1742808502075,"action":"FILE_OPENED","file":"/Readme.md","tags":{"FILE_LINE_OF_CODE":"9"}}
{"ts":1742808601911,"action":"IDE_DEACTIVATED"}
{"ts":1742808610006,"action":"IDE_ACTIVATED"}
{"ts":1742808667857,"action":"FILE_CLOSED","file":"/Readme.md","tags":{"FILE_LINE_OF_CODE":"9"}}
{"ts":1742808680065,"action":"FILE_OPENED","file":"/Readme.md","tags":{"FILE_LINE_OF_CODE":"9"}}
{"ts":1742808681857,"action":"IDE_DEACTIVATED"}
{"ts":1742808718154,"action":"IDE_ACTIVATED"}
{"ts":1742808733773,"action":"FILE_CLOSED","file":"/Readme.md","tags":{"FILE_LINE_OF_CODE":"9"}}
{"ts":1742808733773,"action":"FILE_OPENED","file":"/Changelog.md","tags":{"FILE_LINE_OF_CODE":"0"}}
{"ts":1742808737105,"action":"FILE_CLOSED","file":"/Changelog.md","tags":{"FILE_LINE_OF_CODE":"0"}}
{"ts":1742808737105,"action":"FILE_OPENED","file":"/Readme.md","tags":{"FILE_LINE_OF_CODE":"9"}}
{"ts":1742808742002,"action":"IDE_DEACTIVATED"}
{"ts":1742808743622,"action":"IDE_ACTIVATED"}
{"ts":1742808750307,"action":"IDE_DEACTIVATED"}
{"ts":1742808751626,"action":"IDE_ACTIVATED"}
{"ts":1742808754806,"action":"IDE_DEACTIVATED"}
{"ts":1742808756208,"action":"IDE_ACTIVATED"}
{"ts":1742808769406,"action":"FILE_CLOSED","file":"/Readme.md","tags":{"FILE_LINE_OF_CODE":"11"}}
{"ts":1742808769406,"action":"FILE_OPENED","file":"/apps/web/src/views/TaskOneView.vue","tags":{"FILE_LINE_OF_CODE":"26"}}
{"ts":1742808803487,"action":"FILE_CLOSED","file":"/apps/web/src/views/TaskOneView.vue","tags":{"FILE_LINE_OF_CODE":"26"}}
{"ts":1742808803487,"action":"FILE_OPENED","file":"/Changelog.md","tags":{"FILE_LINE_OF_CODE":"0"}}
{"ts":1742808809778,"action":"IDE_DEACTIVATED"}
{"ts":1742808834670,"action":"IDE_ACTIVATED"}
{"ts":1742808836345,"action":"FILE_CLOSED","file":"/Changelog.md","tags":{"FILE_LINE_OF_CODE":"2"}}
{"ts":1742808836345,"action":"FILE_OPENED","file":"/Readme.md","tags":{"FILE_LINE_OF_CODE":"11"}}
{"ts":1742808842915,"action":"FILE_CLOSED","file":"/Readme.md","tags":{"FILE_LINE_OF_CODE":"12"}}
{"ts":1742808842915,"action":"FILE_OPENED","file":"/Changelog.md","tags":{"FILE_LINE_OF_CODE":"2"}}
{"ts":1742808843769,"action":"FILE_CLOSED","file":"/Changelog.md","tags":{"FILE_LINE_OF_CODE":"2"}}
{"ts":1742808843769,"action":"FILE_OPENED","file":"/apps/web/src/views/TaskOneView.vue","tags":{"FILE_LINE_OF_CODE":"26"}}
{"ts":1742808844381,"action":"FILE_CLOSED","file":"/apps/web/src/views/TaskOneView.vue","tags":{"FILE_LINE_OF_CODE":"26"}}
{"ts":1742808844381,"action":"FILE_OPENED","file":"/Changelog.md","tags":{"FILE_LINE_OF_CODE":"2"}}
{"ts":1742808845604,"action":"FILE_CLOSED","file":"/Changelog.md","tags":{"FILE_LINE_OF_CODE":"2"}}
{"ts":1742808845604,"action":"FILE_OPENED","file":"/Readme.md","tags":{"FILE_LINE_OF_CODE":"12"}}
{"ts":1742808846522,"action":"FILE_CLOSED","file":"/Readme.md","tags":{"FILE_LINE_OF_CODE":"12"}}
{"ts":1742808846522,"action":"FILE_OPENED","file":"/Changelog.md","tags":{"FILE_LINE_OF_CODE":"2"}}
{"ts":1742808847325,"action":"FILE_CLOSED","file":"/Changelog.md","tags":{"FILE_LINE_OF_CODE":"2"}}
{"ts":1742808847325,"action":"FILE_OPENED","file":"/Readme.md","tags":{"FILE_LINE_OF_CODE":"12"}}
{"ts":1742808848503,"action":"FILE_CLOSED","file":"/Readme.md","tags":{"FILE_LINE_OF_CODE":"12"}}
{"ts":1742808848503,"action":"FILE_OPENED","file":"/Changelog.md","tags":{"FILE_LINE_OF_CODE":"2"}}
{"ts":1742808850070,"action":"FILE_CLOSED","file":"/Changelog.md","tags":{"FILE_LINE_OF_CODE":"2"}}
{"ts":1742808850070,"action":"FILE_OPENED","file":"/Readme.md","tags":{"FILE_LINE_OF_CODE":"12"}}
{"ts":1742808882117,"action":"IDE_DEACTIVATED"}
{"ts":1742808903295,"action":"IDE_ACTIVATED"}
{"ts":1742808905154,"action":"IDE_DEACTIVATED"}
{"ts":1742808911703,"action":"IDE_ACTIVATED"}
{"ts":1742808926586,"action":"IDE_DEACTIVATED"}
{"ts":1742808946340,"action":"IDE_ACTIVATED"}
{"ts":1742808948013,"action":"IDE_DEACTIVATED"}
{"ts":1742808950728,"action":"IDE_ACTIVATED"}
{"ts":1742808958557,"action":"IDE_DEACTIVATED"}
{"ts":1742808960286,"action":"IDE_ACTIVATED"}
{"ts":1742808961084,"action":"IDE_DEACTIVATED"}
{"ts":1742808961571,"action":"IDE_ACTIVATED"}
{"ts":1742808963951,"action":"IDE_DEACTIVATED"}
{"ts":1742808964771,"action":"IDE_ACTIVATED"}
{"ts":1742808968178,"action":"IDE_DEACTIVATED"}
{"ts":1742808970308,"action":"IDE_ACTIVATED"}
{"ts":1742808974234,"action":"IDE_DEACTIVATED"}
{"ts":1742808976714,"action":"IDE_ACTIVATED"}
{"ts":1742808981690,"action":"FILE_CLOSED","file":"/Readme.md","tags":{"FILE_LINE_OF_CODE":"14"}}
{"ts":1742808981690,"action":"FILE_OPENED","file":"/Changelog.md","tags":{"FILE_LINE_OF_CODE":"2"}}
{"ts":1742809033659,"action":"FILE_CLOSED","file":"/Changelog.md","tags":{"FILE_LINE_OF_CODE":"4"}}
{"ts":1742809033659,"action":"FILE_OPENED","file":"/apps/web/src/views/TaskOneView.test.ts","tags":{"FILE_LINE_OF_CODE":"0"}}
{"ts":1742809036700,"action":"IDE_DEACTIVATED"}
{"ts":1742809037943,"action":"IDE_ACTIVATED"}
{"ts":1742809045602,"action":"IDE_DEACTIVATED"}
{"ts":1742809045729,"action":"IDE_ACTIVATED"}
{"ts":1742809085627,"action":"IDE_DEACTIVATED"}
{"ts":1742809144134,"action":"IDE_ACTIVATED"}
{"ts":1742809174115,"action":"FILE_CLOSED","file":"/apps/web/src/views/TaskOneView.test.ts","tags":{"FILE_LINE_OF_CODE":"47"}}
{"ts":1742809177902,"action":"IDE_DEACTIVATED"}
{"ts":1742809178331,"action":"IDE_ACTIVATED"}
{"ts":1742809199571,"action":"IDE_DEACTIVATED"}
{"ts":1742809199703,"action":"IDE_ACTIVATED"}
{"ts":1742809202622,"action":"IDE_DEACTIVATED"}
{"ts":1742809202755,"action":"IDE_ACTIVATED"}
{"ts":1742809208152,"action":"IDE_DEACTIVATED"}
{"ts":1742809208291,"action":"IDE_ACTIVATED"}
{"ts":1742809210781,"action":"IDE_DEACTIVATED"}
{"ts":1742809210902,"action":"IDE_ACTIVATED"}
{"ts":1742809211658,"action":"IDE_DEACTIVATED"}
{"ts":1742809211798,"action":"IDE_ACTIVATED"}
{"ts":1742809224371,"action":"FILE_OPENED","file":"/apps/web/src/views/TaskOneView.test.ts","tags":{"FILE_LINE_OF_CODE":"47"}}
{"ts":1742809235354,"action":"FILE_CLOSED","file":"/apps/web/src/views/TaskOneView.test.ts","tags":{"FILE_LINE_OF_CODE":"47"}}
{"ts":1742809237749,"action":"FILE_OPENED","file":"/Changelog.md","tags":{"FILE_LINE_OF_CODE":"4"}}
{"ts":1742809254052,"action":"FILE_CLOSED","file":"/Changelog.md","tags":{"FILE_LINE_OF_CODE":"4"}}
{"ts":1742809256329,"action":"FILE_OPENED","file":"/Readme.md","tags":{"FILE_LINE_OF_CODE":"14"}}
{"ts":1742809269889,"action":"FILE_CLOSED","file":"/Readme.md","tags":{"FILE_LINE_OF_CODE":"13"}}
{"ts":1742809269889,"action":"FILE_OPENED","file":"/apps/web/src/views/TaskOneView.test.ts","tags":{"FILE_LINE_OF_CODE":"47"}}
